2015-08-30 10:45:18 onlylae --- "Operation timed out after 60000 milliseconds with 0 bytes received"
2015-08-30 11:25:23 huang-qi-62-72 --- ""
2015-09-02 20:01:34 su-meng-liang --- "Failed connect to www.zhihu.com:80; Operation now in progress"
2015-09-02 20:01:40 shift-pause --- "Failed connect to www.zhihu.com:80; Operation now in progress"
2015-09-02 20:02:21 binnp --- "Failed connect to www.zhihu.com:80; Operation now in progress"
2015-09-02 20:02:35 wang-su-yun --- "Failed connect to www.zhihu.com:80; Operation now in progress"
2015-09-02 20:03:49 chen-shen-yuan-2 --- "Operation timed out after 60000 milliseconds with 0 bytes received"
2015-09-02 20:04:46 yizhen-li-98 --- "Failed connect to www.zhihu.com:80; Operation now in progress"
2015-09-02 20:04:49 leoguo --- "Failed connect to www.zhihu.com:80; Operation now in progress"
2015-09-02 20:12:30 zhang-yu-57-45 --- "Failed connect to www.zhihu.com:80; Operation now in progress"
2015-09-02 20:16:31 cai-ke-cheng --- "Failed connect to www.zhihu.com:80; Operation now in progress"
2015-09-02 20:16:46 zhm8932 --- "Failed connect to www.zhihu.com:80; Operation now in progress"
2015-09-02 20:19:56 null-99 --- "Failed connect to www.zhihu.com:80; Operation now in progress"
2015-09-02 20:24:52 foresilu --- "Failed connect to www.zhihu.com:80; Operation now in progress"
2015-09-02 20:25:16 flynntsc --- "Failed connect to www.zhihu.com:80; Operation now in progress"
2015-09-02 20:25:24 qing-tian-73-1 --- "Failed connect to www.zhihu.com:80; Operation now in progress"
2015-09-02 20:25:24 ery-che --- "Failed connect to www.zhihu.com:80; Operation now in progress"
2015-09-02 20:28:14 val-wang --- "Failed connect to www.zhihu.com:80; Operation now in progress"
2015-09-02 20:29:20 WaynebabyWang --- "Failed connect to www.zhihu.com:80; Operation now in progress"
2015-09-02 20:29:57 zjw0358 --- "Failed connect to www.zhihu.com:80; Operation now in progress"
2015-09-02 20:30:56 sai-wo --- "Failed connect to www.zhihu.com:80; Operation now in progress"
2015-09-02 20:31:53 flyingbeyond --- "Failed connect to www.zhihu.com:80; Operation now in progress"
2015-09-02 20:32:28 haozemaliang --- "Failed connect to www.zhihu.com:80; Operation now in progress"
2015-09-02 20:36:27 cui-xiao-shu --- "Failed connect to www.zhihu.com:80; Operation now in progress"
2015-09-02 20:36:27 shoulong-li --- "Failed connect to www.zhihu.com:80; Operation now in progress"
2015-09-02 20:36:27 kang-qiao-chan-86 --- "Failed connect to www.zhihu.com:80; Operation now in progress"
2015-09-02 20:36:31 jielunjielun --- "Failed connect to www.zhihu.com:80; Operation now in progress"
2015-09-02 20:39:37 liaoxiaoming --- "Failed connect to www.zhihu.com:80; Operation now in progress"
2015-09-02 20:39:41 soon-chou --- "Failed connect to www.zhihu.com:80; Operation now in progress"
2015-09-02 20:55:41 veggiegirl --- "Failed connect to www.zhihu.com:80; Operation now in progress"
2015-09-02 20:59:07 svn_bj --- "Failed connect to www.zhihu.com:80; Operation now in progress"
2015-09-02 20:59:31 zhang-le-43 --- "Failed connect to www.zhihu.com:80; Operation now in progress"
2015-09-02 21:02:30 hei-hei-48-96 --- "Failed connect to www.zhihu.com:80; Operation now in progress"
2015-09-02 21:07:32 benjien --- "Failed connect to www.zhihu.com:80; Operation now in progress"
2015-09-02 21:07:35 vincentskywalker --- "Failed connect to www.zhihu.com:80; Operation now in progress"
2015-09-02 21:07:38 tian-ye-wei-38 --- "Failed connect to www.zhihu.com:80; Operation now in progress"
2015-09-02 21:07:56 lauchi --- "Failed connect to www.zhihu.com:80; Operation now in progress"
2015-09-02 21:10:43 miao-wei --- "Failed connect to www.zhihu.com:80; Operation now in progress"
2015-09-02 21:16:40 SawyerSun --- "Failed connect to www.zhihu.com:80; Operation now in progress"
2015-09-02 21:17:09 menthollin --- "Failed connect to www.zhihu.com:80; Operation now in progress"
2015-09-02 21:17:09 menthollin --- "Failed connect to www.zhihu.com:80; Operation now in progress"
2015-09-02 21:17:12 gao-kang-60 --- "Failed connect to www.zhihu.com:80; Operation now in progress"
2015-09-02 21:19:14 guan-tong-66 --- "Failed connect to www.zhihu.com:80; Operation now in progress"
2015-09-02 21:19:36 wu-di-zi-rong-33 --- "Failed connect to www.zhihu.com:80; Operation now in progress"
2015-09-02 21:19:36 chen-ke-e --- "Failed connect to www.zhihu.com:80; Operation now in progress"
2015-09-02 21:26:22 wang-si-yi-7-38 --- "Failed connect to www.zhihu.com:80; Operation now in progress"
2015-09-02 21:26:50 luo-jie-52-3 --- "Failed connect to www.zhihu.com:80; Operation now in progress"
2015-09-02 21:27:23 tang-gang-22 --- "Failed connect to www.zhihu.com:80; Operation now in progress"
2015-09-02 21:27:31 zhou-run-ze-17 --- "Failed connect to www.zhihu.com:80; Operation now in progress"
2015-09-02 21:28:51 happygirlzt --- "Failed connect to www.zhihu.com:80; Operation now in progress"
2015-09-02 21:32:17 gaochao008 --- "Failed connect to www.zhihu.com:80; Operation now in progress"
2015-09-02 21:37:47 ndyag --- "Failed connect to www.zhihu.com:80; Operation now in progress"
2015-09-02 21:37:50 an-tao-tao --- "Failed connect to www.zhihu.com:80; Operation now in progress"
2015-09-02 21:38:02 chen-chen-4 --- "Failed connect to www.zhihu.com:80; Operation now in progress"
2015-09-02 21:38:55 su-qi-28 --- "Failed connect to www.zhihu.com:80; Operation now in progress"
2015-09-02 21:41:27 joanna-cheng --- "Failed connect to www.zhihu.com:80; Operation now in progress"
2015-09-02 21:42:58 hu-zhou-55-23 --- "Failed connect to www.zhihu.com:80; Operation now in progress"
2015-09-02 21:47:22 jin-xiang-yu-92 --- "Failed connect to www.zhihu.com:80; Operation now in progress"
2015-09-02 21:49:32 zhang-hong-53 --- "Failed connect to www.zhihu.com:80; Operation now in progress"
2015-09-02 21:50:47 ricter-z --- "Failed connect to www.zhihu.com:80; Operation now in progress"
2015-09-02 21:59:33 liang-deng-97-65 --- "Failed connect to www.zhihu.com:80; Operation now in progress"
2015-09-02 22:05:15 li-chen-chen-88 --- "Failed connect to www.zhihu.com:80; Operation now in progress"
2015-09-02 22:07:09 sabriye-yao --- "Failed connect to www.zhihu.com:80; Operation now in progress"
2015-09-02 22:11:30 liu-han-54-92 --- "Failed connect to www.zhihu.com:80; Operation now in progress"
2015-09-02 22:13:44 TARd1s --- "Failed connect to www.zhihu.com:80; Operation now in progress"
2015-09-02 22:15:26 5189808 --- "Operation timed out after 60000 milliseconds with 0 bytes received"
2015-09-02 22:15:57 zhoo --- "Failed connect to www.zhihu.com:80; Operation now in progress"
2015-09-02 22:20:07 han-tao-14 --- "Operation timed out after 60000 milliseconds with 0 bytes received"
2015-09-02 22:25:23 suejy --- "Failed connect to www.zhihu.com:80; Operation now in progress"
2015-09-02 22:25:27 tian-tian-37 --- "Failed connect to www.zhihu.com:80; Operation now in progress"
2015-09-02 22:25:31 ma-ming-21 --- "Failed connect to www.zhihu.com:80; Operation now in progress"
2015-09-02 22:29:14 illusionaddict --- "Failed connect to www.zhihu.com:80; Operation now in progress"
2015-09-02 22:45:06 520sleep --- "Failed connect to www.zhihu.com:80; Operation now in progress"
2015-09-02 22:47:06 sui-she-jiang --- "Failed connect to www.zhihu.com:80; Operation now in progress"
2015-09-02 22:48:24 lin-xi-34-44 --- "Failed connect to www.zhihu.com:80; Operation now in progress"
2015-09-02 22:48:59 ma-li-wei-sha --- "Failed connect to www.zhihu.com:80; Operation now in progress"
2015-09-02 22:50:27 liang-cheng-dong-44 --- "Failed connect to www.zhihu.com:80; Operation now in progress"
2015-09-02 22:52:45 zhang-xu-38-10 --- "Failed connect to www.zhihu.com:80; Operation now in progress"
2015-09-02 22:52:45 xin-wu-68 --- "Failed connect to www.zhihu.com:80; Operation now in progress"
2015-09-02 23:00:40 neverland_occupied --- "Failed connect to www.zhihu.com:80; Operation now in progress"
2015-09-02 23:05:19 li-bo-38-64 --- "Failed connect to www.zhihu.com:80; Operation now in progress"
2015-09-02 23:07:06 ruo-bu-zi-li --- "Failed connect to www.zhihu.com:80; Operation now in progress"
2015-09-02 23:07:09 zhang-jian-jian-8 --- "Failed connect to www.zhihu.com:80; Operation now in progress"
2015-09-02 23:08:38 bai-yu-tang-85 --- "Failed connect to www.zhihu.com:80; Operation now in progress"
2015-09-02 23:12:25 li-mian-shi --- "Failed connect to www.zhihu.com:80; Operation now in progress"
2015-09-02 23:17:59 depend --- "Failed connect to www.zhihu.com:80; Operation now in progress"
2015-09-02 23:18:11 tang-pei-hong-67 --- "Failed connect to www.zhihu.com:80; Operation now in progress"
2015-09-02 23:18:29 mondler-ls --- "Failed connect to www.zhihu.com:80; Operation now in progress"
2015-09-02 23:19:41 kimfly --- "Failed connect to www.zhihu.com:80; Operation now in progress"
2015-09-02 23:19:44 desert-54 --- "Failed connect to www.zhihu.com:80; Operation now in progress"
2015-09-02 23:21:10 pandan-19 --- "Failed connect to www.zhihu.com:80; Operation now in progress"
2015-09-02 23:23:56 a-zi-miao --- "Failed connect to www.zhihu.com:80; Operation now in progress"
2015-09-02 23:26:53 tonyluo --- "Failed connect to www.zhihu.com:80; Operation now in progress"
2015-09-02 23:29:47 wang-jing-36-67 --- "Failed connect to www.zhihu.com:80; Operation now in progress"
2015-09-02 23:31:26 fu-hei-jun-45 --- "Failed connect to www.zhihu.com:80; Operation now in progress"
2015-09-02 23:31:26 Centaurus --- "Failed connect to www.zhihu.com:80; Operation now in progress"
2015-09-02 23:31:37 xi-zhao-2-36 --- "Failed connect to www.zhihu.com:80; Operation now in progress"
2015-09-02 23:38:55 xing-zhao-ge --- "Failed connect to www.zhihu.com:80; Operation now in progress"
2015-09-02 23:42:08 yao-xiao-yi-59 --- "Failed connect to www.zhihu.com:80; Operation now in progress"
2015-09-02 23:42:08 yao-xiao-yi-59 --- "Failed connect to www.zhihu.com:80; Operation now in progress"
2015-09-02 23:42:08 shun-zhi-wu-liao-14 --- "Failed connect to www.zhihu.com:80; Operation now in progress"
2015-09-02 23:43:24 si-xiao-si-61 --- "Failed connect to www.zhihu.com:80; Operation now in progress"
2015-09-02 23:44:13 zi-su-9999 --- "Failed connect to www.zhihu.com:80; Operation now in progress"
2015-09-02 23:50:34 li-guan-hua-17 --- "Failed connect to www.zhihu.com:80; Operation now in progress"
2015-09-02 23:54:29 woaichixiangjiao --- "Failed connect to www.zhihu.com:80; Operation now in progress"
2015-09-03 00:00:02 luislee-34 --- "Failed connect to www.zhihu.com:80; Operation now in progress"
2015-09-03 00:00:05 xiao-ming-mei-ting-jian --- "Failed connect to www.zhihu.com:80; Operation now in progress"
2015-09-03 00:00:25 yuanzh --- "Failed connect to www.zhihu.com:80; Operation now in progress"
2015-09-03 00:02:12 liu-liu-30-32 --- "Failed connect to www.zhihu.com:80; Operation now in progress"
2015-09-03 00:06:57 Pactzhao --- "Failed connect to www.zhihu.com:80; Operation now in progress"
2015-09-03 00:07:37 wu-jun-feng-39 --- "Failed connect to www.zhihu.com:80; Operation now in progress"
2015-09-03 00:12:41 fire-586 --- "Failed connect to www.zhihu.com:80; Operation now in progress"
2015-09-03 00:13:09 hxl0708 --- "Failed connect to www.zhihu.com:80; Operation now in progress"
2015-09-03 00:22:25 wen-xiao-mu --- "Failed connect to www.zhihu.com:80; Operation now in progress"
2015-09-03 00:24:40 mei-zi-48-68 --- "Failed connect to www.zhihu.com:80; Operation now in progress"
2015-09-03 00:26:50 xiao-an-38 --- "Failed connect to www.zhihu.com:80; Operation now in progress"
2015-09-03 00:27:34 jin-yu-qi --- "Failed connect to www.zhihu.com:80; Operation now in progress"
2015-09-03 00:34:20 tony-forest --- "Failed connect to www.zhihu.com:80; Operation now in progress"
2015-09-03 00:34:36 kktian --- "Failed connect to www.zhihu.com:80; Operation now in progress"
2015-09-03 00:36:11 johnny-65-95 --- "Failed connect to www.zhihu.com:80; Operation now in progress"
2015-09-03 00:36:16 wang-zi-tong-78 --- "Failed connect to www.zhihu.com:80; Operation now in progress"
2015-09-03 00:37:09 huang-ya-jing-10-67 --- "Failed connect to www.zhihu.com:80; Operation now in progress"
2015-09-03 00:39:28 mo-mo-15-62 --- "Failed connect to www.zhihu.com:80; Operation now in progress"
2015-09-03 00:39:42 stephanie-94 --- "Failed connect to www.zhihu.com:80; Operation now in progress"
2015-09-03 00:47:35 scott-forstall --- "Failed connect to www.zhihu.com:80; Operation now in progress"
2015-09-03 00:47:40 lin-yu-62 --- "Failed connect to www.zhihu.com:80; Operation now in progress"
2015-09-03 00:50:46 zhi-dong-45 --- "Failed connect to www.zhihu.com:80; Operation now in progress"
2015-09-03 01:05:15 ye-chang-qing --- "Failed connect to www.zhihu.com:80; Operation now in progress"
2015-09-03 01:11:08 sun-kai-85-94 --- "Failed connect to www.zhihu.com:80; Operation now in progress"
2015-09-03 01:13:04 oo-ct --- "Failed connect to www.zhihu.com:80; Operation now in progress"
2015-09-03 01:13:55 xiao-heng-35-62 --- "Failed connect to www.zhihu.com:80; Operation now in progress"
2015-09-03 01:16:35 bu-la-de-56 --- "Failed connect to www.zhihu.com:80; Operation now in progress"
2015-09-03 01:17:43 zhang-neng-neng-63 --- "Failed connect to www.zhihu.com:80; Operation now in progress"
2015-09-03 01:22:30 gong-yu-97 --- "Failed connect to www.zhihu.com:80; Operation now in progress"
2015-09-03 01:25:28 DrizztVII --- "Failed connect to www.zhihu.com:80; Operation now in progress"
2015-09-03 01:34:10 shrek-10 --- "Failed connect to www.zhihu.com:80; Operation now in progress"
2015-09-03 01:36:38 mo-mo-9-39 --- "Failed connect to www.zhihu.com:80; Operation now in progress"
2015-09-03 01:41:51 li-zong-45-61 --- "Failed connect to www.zhihu.com:80; Operation now in progress"
2015-09-03 01:43:02 weidl --- "Failed connect to www.zhihu.com:80; Operation now in progress"
2015-09-03 01:43:27 tu-wei-24 --- "Failed connect to www.zhihu.com:80; Operation now in progress"
2015-09-03 01:48:31 han-ng8901meng --- "Failed connect to www.zhihu.com:80; Operation now in progress"
2015-09-03 01:48:48 zhang-miao-85-50 --- "Failed connect to www.zhihu.com:80; Operation now in progress"
2015-09-03 01:50:15 peter-liu-20 --- "Failed connect to www.zhihu.com:80; Operation now in progress"
2015-09-03 01:50:37 zhu-jia-21-92 --- "Failed connect to www.zhihu.com:80; Operation now in progress"
2015-09-03 01:50:41 liu-feng-3-39 --- "Failed connect to www.zhihu.com:80; Operation now in progress"
2015-09-03 01:51:05 dafei-lu --- "Failed connect to www.zhihu.com:80; Operation now in progress"
2015-09-03 01:51:10 kein-guo --- "Failed connect to www.zhihu.com:80; Operation now in progress"
2015-09-03 01:51:37 li-de-bin-40 --- "Failed connect to www.zhihu.com:80; Operation now in progress"
2015-09-03 01:58:30 zi-ling-yu-51 --- "Failed connect to www.zhihu.com:80; Operation now in progress"
2015-09-03 02:01:15 li-si-27-7 --- "Operation timed out after 60000 milliseconds with 0 bytes received"
2015-09-03 02:03:12 hua-hun-41 --- "Operation timed out after 60000 milliseconds with 0 bytes received"
2015-09-03 02:04:11 xiang-yu-hao --- "Failed connect to www.zhihu.com:80; Operation now in progress"
2015-09-03 02:06:48 fang-zi-dan --- "Failed connect to www.zhihu.com:80; Operation now in progress"
2015-09-03 02:10:24 he-li-82 --- "Failed connect to www.zhihu.com:80; Operation now in progress"
2015-09-03 02:11:41 chen-hong-jun-32 --- "Failed connect to www.zhihu.com:80; Operation now in progress"
2015-09-03 02:11:41 xiao-feng-80-28 --- "Failed connect to www.zhihu.com:80; Operation now in progress"
2015-09-03 02:12:09 bao-zou --- "Failed connect to www.zhihu.com:80; Operation now in progress"
2015-09-03 02:13:24 renyanqing --- "Failed connect to www.zhihu.com:80; Operation now in progress"
2015-09-03 02:13:51 yu-zi-han-73-97 --- "Failed connect to www.zhihu.com:80; Operation now in progress"
2015-09-03 02:13:54 bu-mao-38 --- "Failed connect to www.zhihu.com:80; Operation now in progress"
2015-09-03 02:15:45 yang-si-wen-41 --- "Operation timed out after 60000 milliseconds with 0 bytes received"
2015-09-03 02:15:53 liu-lei-51-32 --- "Failed connect to www.zhihu.com:80; Operation now in progress"
2015-09-03 02:17:48 mingzhi --- "Failed connect to www.zhihu.com:80; Operation now in progress"
2015-09-03 02:30:44 lonzr25 --- "Failed connect to www.zhihu.com:80; Operation now in progress"
2015-09-03 02:31:31 conanplus --- "Failed connect to www.zhihu.com:80; Operation now in progress"
2015-09-03 02:33:46 xu-shan-11 --- "Operation timed out after 60000 milliseconds with 0 bytes received"
2015-09-03 02:34:54 yang-jie-13-7 --- "Operation timed out after 60000 milliseconds with 0 bytes received"
2015-09-03 02:35:58 yixiaohua89 --- "Operation timed out after 60000 milliseconds with 0 bytes received"
2015-09-03 02:42:17 alia --- "Failed connect to www.zhihu.com:80; Operation now in progress"
2015-09-03 02:43:39 fantasticwang --- "Failed connect to www.zhihu.com:80; Operation now in progress"
2015-09-03 02:48:56 viki-lee-84 --- "Failed connect to www.zhihu.com:80; Operation now in progress"
2015-09-03 02:51:53 lin-wei-peng-90 --- "Failed connect to www.zhihu.com:80; Operation now in progress"
2015-09-03 02:55:59 yang-alba-24 --- "Failed connect to www.zhihu.com:80; Operation now in progress"
2015-09-03 02:58:11 nuo-xiao-zhi --- "Failed connect to www.zhihu.com:80; Operation now in progress"
2015-09-03 02:58:38 xue-zong-zhen --- "Failed connect to www.zhihu.com:80; Operation now in progress"
2015-09-03 03:00:04 chen-xiao-xin-38-46 --- ""
2015-09-03 03:00:04 shen-shui-47-38-71 --- ""
2015-09-03 03:00:04 jing-jing-61-83 --- ""
2015-09-03 03:00:05 niao-niao-47-47 --- ""
2015-09-03 03:00:05 niao-niao-47-47 --- ""
2015-09-03 03:01:05 shen-shui-47-38-71 --- "Operation timed out after 60000 milliseconds with 0 bytes received"
2015-09-03 03:01:06 wang-qian-qian-68-85 --- ""
2015-09-03 03:01:06 wang-jie-2014 --- ""
2015-09-03 03:01:06 he-ming-3-36 --- ""
2015-09-03 03:01:06 wang-qian-qian-68-85 --- ""
2015-09-03 03:01:06 wang-jie-2014 --- ""
2015-09-03 03:01:06 he-ming-3-36 --- ""
2015-09-03 03:01:06 bai-bai-44-5 --- ""
2015-09-03 03:01:06 bai-bai-44-5 --- ""
2015-09-03 03:01:06 Ryeee --- ""
2015-09-03 03:01:06 Ryeee --- ""
2015-09-03 03:01:06 zhicheng-pan --- ""
2015-09-03 03:01:06 miao-xiao-mi-78-67 --- ""
2015-09-03 03:01:07 miao-xiao-mi-78-67 --- ""
2015-09-03 03:01:07 wang-qiang-40 --- ""
2015-09-03 03:01:07 wang-qiang-40 --- ""
2015-09-03 03:01:07 unno --- ""
2015-09-03 03:01:07 unno --- ""
2015-09-03 03:01:07 wmh-13 --- ""
2015-09-03 03:01:07 wmh-13 --- ""
2015-09-03 03:01:09 zhicheng-pan --- "Failed connect to www.zhihu.com:80; Connection reset by peer"
2015-09-03 03:01:09 junwu-wang --- ""
2015-09-03 03:01:09 Qinghao --- ""
2015-09-03 03:01:10 Qinghao --- ""
2015-09-03 03:01:10 ao-wu-miao-86 --- ""
2015-09-03 03:01:10 junwu-wang --- ""
2015-09-03 03:01:10 ao-wu-miao-86 --- ""
2015-09-03 03:01:10 liang-xiao-wen-99 --- ""
2015-09-03 03:01:10 tong-tong-66-95 --- ""
2015-09-03 03:01:10 liang-xiao-wen-99 --- ""
2015-09-03 03:01:10 tong-tong-66-95 --- ""
2015-09-03 03:01:10 xiao-bei-22-90 --- ""
2015-09-03 03:01:10 dong-rong-63 --- ""
2015-09-03 03:01:10 xiao-bei-22-90 --- ""
2015-09-03 03:01:10 dong-rong-63 --- ""
2015-09-03 03:01:10 li-yao-long-65 --- ""
2015-09-03 03:01:11 li-yao-long-65 --- ""
2015-09-03 03:01:11 xiao-hua-mao-23 --- ""
2015-09-03 03:01:11 xiao-hua-mao-23 --- ""
2015-09-03 03:01:11 chen-chen-86-46-12 --- ""
2015-09-03 03:01:11 chen-chen-86-46-12 --- ""
2015-09-03 03:01:11 wangshenwei --- ""
2015-09-03 03:01:11 da-xi-lu-13 --- ""
2015-09-03 03:01:11 da-xi-lu-13 --- ""
2015-09-03 03:01:11 li-jing-chun-72 --- ""
2015-09-03 03:01:11 wangshenwei --- ""
2015-09-03 03:01:12 bo-wen-jun-95 --- ""
2015-09-03 03:01:12 bo-wen-jun-95 --- ""
2015-09-03 03:01:12 li-jing-chun-72 --- ""
2015-09-03 03:01:12 hou-ren-xiao-qiang --- ""
2015-09-03 03:01:12 hou-ren-xiao-qiang --- ""
2015-09-03 03:01:12 chen-ge-5-61 --- ""
2015-09-03 03:01:12 chen-ge-5-61 --- ""
2015-09-03 03:01:12 a-su-67-69 --- ""
2015-09-03 03:01:12 a-su-67-69 --- ""
2015-09-03 03:01:12 zhu-yi-wen-35 --- ""
2015-09-03 03:01:13 zhu-yi-wen-35 --- ""
2015-09-03 03:01:13 gao-fang-5-35 --- ""
2015-09-03 03:01:13 gao-fang-5-35 --- ""
2015-09-03 03:01:13 huang-chu-ting-35 --- ""
2015-09-03 03:01:13 huang-chu-ting-35 --- ""
2015-09-03 03:01:13 xie-liu-yi-15 --- ""
2015-09-03 03:01:13 yang-yi-97-66 --- ""
2015-09-03 03:01:13 yang-yi-97-66 --- ""
2015-09-03 03:01:13 wu-xian-xian-51 --- ""
2015-09-03 03:01:13 xie-liu-yi-15 --- ""
2015-09-03 03:01:14 wu-xian-xian-51 --- ""
2015-09-03 03:01:14 tian-xiao-qiang-tong-xue --- ""
2015-09-03 03:01:14 tian-xiao-qiang-tong-xue --- ""
2015-09-03 03:01:14 fu-sheng-94-10 --- ""
2015-09-03 03:01:14 fu-sheng-94-10 --- ""
2015-09-03 03:01:14 zhu-xiang-yi-38 --- ""
2015-09-03 03:01:14 zhu-xiang-yi-38 --- ""
2015-09-03 03:01:14 gui-hong-73 --- ""
2015-09-03 03:01:14 gui-hong-73 --- ""
2015-09-03 03:01:14 qi-shi-21 --- ""
2015-09-03 03:01:15 qi-shi-21 --- ""
2015-09-03 03:01:15 tian-yuan-69-61 --- ""
2015-09-03 03:01:15 xu-xiao-man-90-79 --- ""
2015-09-03 03:01:15 tian-yuan-69-61 --- ""
2015-09-03 03:01:15 xu-xiao-man-90-79 --- ""
2015-09-03 03:01:15 snowy-cherry --- ""
2015-09-03 03:01:15 li-xiao-nuo-35-64 --- ""
2015-09-03 03:01:15 li-xiao-nuo-35-64 --- ""
2015-09-03 03:01:15 dong-huang-tai-yi --- ""
2015-09-03 03:01:15 snowy-cherry --- ""
2015-09-03 03:01:16 dong-huang-tai-yi --- ""
2015-09-03 03:01:16 hong-run-hui --- ""
2015-09-03 03:01:16 tan-xiang-xiang-61 --- ""
2015-09-03 03:01:16 tan-xiang-xiang-61 --- ""
2015-09-03 03:01:16 mo-lu-36-86 --- ""
2015-09-03 03:01:16 mo-lu-36-86 --- ""
2015-09-03 03:01:16 zhao-roti --- ""
2015-09-03 03:01:16 zhao-roti --- ""
2015-09-03 03:01:17 meng-you-wa-wa-47 --- ""
2015-09-03 03:01:17 meng-you-wa-wa-47 --- ""
2015-09-03 03:01:17 li-gang-54-72 --- ""
2015-09-03 03:01:17 li-gang-54-72 --- ""
2015-09-03 03:01:17 han-jun-11-8 --- ""
2015-09-03 03:01:17 han-jun-11-8 --- ""
2015-09-03 03:01:18 hong-run-hui --- "Failed connect to www.zhihu.com:80; Connection reset by peer"
2015-09-03 03:01:19 wang-bei-bei-79-32 --- ""
2015-09-03 03:01:19 wang-bei-bei-79-32 --- ""
2015-09-03 03:01:19 chen-hua-yin-15 --- ""
2015-09-03 03:01:19 nie-zhao-ming --- ""
2015-09-03 03:01:19 nie-zhao-ming --- ""
2015-09-03 03:01:19 chen-hua-yin-15 --- ""
2015-09-03 03:01:19 aaron-alexand --- ""
2015-09-03 03:01:19 aaron-alexand --- ""
2015-09-03 03:01:19 dong-tian-tian-94 --- ""
2015-09-03 03:01:19 dong-tian-tian-94 --- ""
2015-09-03 03:01:20 wiii-sissy --- ""
2015-09-03 03:01:20 wiii-sissy --- ""
2015-09-03 03:01:20 tang-tang-18-76 --- ""
2015-09-03 03:01:20 tang-tang-18-76 --- ""
2015-09-03 03:01:20 ma-ming-xuan-27-93 --- ""
2015-09-03 03:01:20 ma-ming-xuan-27-93 --- ""
2015-09-03 03:01:20 zhang-xiao-qing-13-98 --- ""
2015-09-03 03:01:20 zhang-xiao-qing-13-98 --- ""
2015-09-03 03:01:20 gao-wu-ya-76 --- ""
2015-09-03 03:01:20 gao-wu-ya-76 --- ""
2015-09-03 03:01:21 chen-yong-neng --- ""
2015-09-03 03:01:21 chen-yong-neng --- ""
2015-09-03 03:01:21 wei-mu-64-18 --- ""
2015-09-03 03:01:21 wei-mu-64-18 --- ""
2015-09-03 03:01:21 xiao-si-lang-65 --- ""
2015-09-03 03:01:21 xiao-si-lang-65 --- ""
2015-09-03 03:01:21 le-xiao-yu-61 --- ""
2015-09-03 03:01:21 le-xiao-yu-61 --- ""
2015-09-03 03:01:21 bao-jun-jie-36 --- ""
2015-09-03 03:01:21 bao-jun-jie-36 --- ""
2015-09-03 03:01:22 fei-fei-6-46 --- ""
2015-09-03 03:01:22 han-shao-tong-15 --- ""
2015-09-03 03:01:22 fei-fei-6-46 --- ""
2015-09-03 03:01:22 han-shao-tong-15 --- ""
2015-09-03 03:01:22 devonne-lien --- ""
2015-09-03 03:01:22 devonne-lien --- ""
2015-09-03 03:01:22 li-ming-33-39 --- ""
2015-09-03 03:01:22 peng-tian-36 --- ""
2015-09-03 03:01:22 li-ming-33-39 --- ""
2015-09-03 03:01:22 peng-tian-36 --- ""
2015-09-03 03:01:23 yang-pin-xuan-79 --- ""
2015-09-03 03:01:23 chen-nuo-11-67 --- ""
2015-09-03 03:01:23 chen-nuo-11-67 --- ""
2015-09-03 03:01:23 zhou-yi-ran-86 --- ""
2015-09-03 03:01:23 yang-pin-xuan-79 --- ""
2015-09-03 03:01:23 zhou-yi-ran-86 --- ""
2015-09-03 03:01:23 mai-ya-14-67 --- ""
2015-09-03 03:01:23 mai-ya-14-67 --- ""
2015-09-03 03:01:23 sha-zi-19-62 --- ""
2015-09-03 03:01:23 sha-zi-19-62 --- ""
2015-09-03 03:01:23 wu-zhi-zhe-66 --- ""
2015-09-03 03:01:24 wu-zhi-zhe-66 --- ""
2015-09-03 03:01:24 fan-lan-qiao --- ""
2015-09-03 03:01:24 fan-lan-qiao --- ""
2015-09-03 03:01:24 wang-fu-ren-59 --- ""
2015-09-03 03:01:24 chi-ren-67 --- ""
2015-09-03 03:01:24 wang-fu-ren-59 --- ""
2015-09-03 03:01:24 chi-ren-67 --- ""
2015-09-03 03:01:24 jia-ruo-91 --- ""
2015-09-03 03:01:24 jia-ruo-91 --- ""
2015-09-03 03:01:25 zhao-fei-80-47 --- ""
2015-09-03 03:01:25 wei-dong-86 --- ""
2015-09-03 03:01:25 liu-da-tou-75-7 --- ""
2015-09-03 03:01:25 wei-dong-86 --- ""
2015-09-03 03:01:25 zhao-fei-80-47 --- ""
2015-09-03 03:01:25 liu-da-tou-75-7 --- ""
2015-09-03 03:01:25 jin-yi-an-33 --- ""
2015-09-03 03:01:25 jin-yi-an-33 --- ""
2015-09-03 03:01:25 chen-ze-hu --- ""
2015-09-03 03:01:25 chen-ze-hu --- ""
2015-09-03 03:01:25 xing-li-37-29 --- ""
2015-09-03 03:01:25 xing-li-37-29 --- ""
2015-09-03 03:01:25 luo-yun-feng-87 --- ""
2015-09-03 03:01:25 luo-yun-feng-87 --- ""
2015-09-03 03:01:26 ao-si-ting-gu-la --- ""
2015-09-03 03:01:26 ao-si-ting-gu-la --- ""
2015-09-03 03:01:26 feng-xiao-han-69 --- ""
2015-09-03 03:01:26 feng-xiao-han-69 --- ""
2015-09-03 03:01:26 huang-qi-18-85 --- ""
2015-09-03 03:01:26 huang-qi-18-85 --- ""
2015-09-03 03:01:27 zhou-jia-lin-75-82 --- ""
2015-09-03 03:01:27 liu-nian-98-53 --- ""
2015-09-03 03:01:27 liu-nian-98-53 --- ""
2015-09-03 03:01:27 ma-jie-75-38 --- ""
2015-09-03 03:01:27 zhou-jia-lin-75-82 --- ""
2015-09-03 03:01:27 ding-jun-hao-88 --- ""
2015-09-03 03:01:27 ma-jie-75-38 --- ""
2015-09-03 03:01:27 wang-fu-hua --- ""
2015-09-03 03:01:27 wang-fu-hua --- ""
2015-09-03 03:01:27 ding-jun-hao-88 --- ""
2015-09-03 03:01:27 wang-jun-hao-51 --- ""
2015-09-03 03:01:27 kong-yi-ji-24 --- ""
2015-09-03 03:01:27 kong-yi-ji-24 --- ""
2015-09-03 03:01:27 wang-jun-hao-51 --- ""
2015-09-03 03:01:28 tian-kong-zhi-hui --- ""
2015-09-03 03:01:28 tian-kong-zhi-hui --- ""
2015-09-03 03:01:28 mai-ya-tang-29-87 --- ""
2015-09-03 03:01:28 mai-ya-tang-29-87 --- ""
2015-09-03 03:01:28 mai-di-11-37 --- ""
2015-09-03 03:01:28 mai-di-11-37 --- ""
2015-09-03 03:01:29 dong-rui-jun-29 --- ""
2015-09-03 03:01:29 dong-rui-jun-29 --- ""
2015-09-03 03:01:29 xu-da-lu-92 --- ""
2015-09-03 03:01:29 wang-zhong-qiang-88 --- ""
2015-09-03 03:01:29 xu-da-lu-92 --- ""
2015-09-03 03:01:29 wang-zhong-qiang-88 --- ""
2015-09-03 03:01:29 iris-ann --- ""
2015-09-03 03:01:29 iris-ann --- ""
2015-09-03 03:01:29 liang-mei-pin --- ""
2015-09-03 03:01:29 liang-mei-pin --- ""
2015-09-03 03:01:29 di-da-3-45 --- ""
2015-09-03 03:01:29 qin-jing-jun-24 --- ""
2015-09-03 03:01:29 qin-jing-jun-24 --- ""
2015-09-03 03:01:29 di-da-3-45 --- ""
2015-09-03 03:01:30 wang-hong-yu-52-59 --- ""
2015-09-03 03:01:30 wang-hong-yu-52-59 --- ""
2015-09-03 03:01:30 he-lang-54-62 --- ""
2015-09-03 03:01:30 he-lang-54-62 --- ""
2015-09-03 03:01:30 hou-lin-61-48 --- ""
2015-09-03 03:01:30 hou-lin-61-48 --- ""
2015-09-03 03:01:30 hu-hu-51-43 --- ""
2015-09-03 03:01:30 1001-41 --- ""
2015-09-03 03:01:30 1001-41 --- ""
2015-09-03 03:01:30 tang-yr --- ""
2015-09-03 03:01:30 hu-hu-51-43 --- ""
2015-09-03 03:01:31 tang-yr --- ""
2015-09-03 03:01:31 aiaizou --- ""
2015-09-03 03:01:31 aiaizou --- ""
2015-09-03 03:01:31 li-ying-7-61 --- ""
2015-09-03 03:01:31 li-ying-7-61 --- ""
2015-09-03 03:01:31 zhang-ke-87-57 --- ""
2015-09-03 03:01:31 zhang-ke-87-57 --- ""
2015-09-03 03:01:31 song-qiang-48 --- ""
2015-09-03 03:01:31 song-qiang-48 --- ""
2015-09-03 03:01:31 tao-yan-lin --- ""
2015-09-03 03:01:32 tao-yan-lin --- ""
2015-09-03 03:01:32 zhang-peggy-78 --- ""
2015-09-03 03:01:32 zhang-peggy-78 --- ""
2015-09-03 03:01:32 qian-hu-19 --- ""
2015-09-03 03:01:32 qian-hu-19 --- ""
2015-09-03 03:01:32 zou-yi-fei-17 --- ""
2015-09-03 03:01:32 wang-yi-su-56 --- ""
2015-09-03 03:01:32 wang-yi-su-56 --- ""
2015-09-03 03:01:32 bo-hui-52 --- ""
2015-09-03 03:01:32 zou-yi-fei-17 --- ""
2015-09-03 03:01:33 gong-yan-79-61 --- ""
2015-09-03 03:01:33 bo-hui-52 --- ""
2015-09-03 03:01:33 gong-yan-79-61 --- ""
2015-09-03 03:01:33 jie-shuai-shuai --- ""
2015-09-03 03:01:33 jie-shuai-shuai --- ""
2015-09-03 03:01:33 ma-jin-yan-52 --- ""
2015-09-03 03:01:33 ma-jin-yan-52 --- ""
2015-09-03 03:01:33 ji-ling-99-91 --- ""
2015-09-03 03:01:33 ji-ling-99-91 --- ""
2015-09-03 03:01:33 zhuo-lun-37 --- ""
2015-09-03 03:01:34 zhuo-lun-37 --- ""
2015-09-03 03:01:34 li-wen-rui-71 --- ""
2015-09-03 03:01:34 chen-di-24-79 --- ""
2015-09-03 03:01:34 li-wen-rui-71 --- ""
2015-09-03 03:01:34 chen-di-24-79 --- ""
2015-09-03 03:01:34 wang-xiao-yu-36-66 --- ""
2015-09-03 03:01:34 wang-xiao-yu-36-66 --- ""
2015-09-03 03:01:34 li-chen-9-18 --- ""
2015-09-03 03:01:34 li-chen-9-18 --- ""
2015-09-03 03:01:34 zhang-lin-67-92 --- ""
2015-09-03 03:01:55 wang-yishan-38-12 --- "Failed connect to www.zhihu.com:80; Operation now in progress"
2015-09-03 03:06:10 maerry-li --- "Failed connect to www.zhihu.com:80; Operation now in progress"
2015-09-03 03:12:53 liu-xiao-yan-53-52 --- "Failed connect to www.zhihu.com:80; Operation now in progress"
2015-09-03 03:19:55 huang-fu-nan --- "Failed connect to www.zhihu.com:80; Operation now in progress"
2015-09-03 03:27:12 davidchain --- "Failed connect to www.zhihu.com:80; Operation now in progress"
2015-09-03 03:31:19 allen-feng --- "Failed connect to www.zhihu.com:80; Operation now in progress"
2015-09-03 03:35:38 cheng-mi-mi --- "Failed connect to www.zhihu.com:80; Operation now in progress"
2015-09-03 03:39:36 1Peng --- "Failed connect to www.zhihu.com:80; Operation now in progress"
2015-09-03 03:42:02 lancaihe --- "Failed connect to www.zhihu.com:80; Operation now in progress"
2015-09-03 03:42:32 carolbinbin --- "Failed connect to www.zhihu.com:80; Operation now in progress"
2015-09-03 03:46:39 yang-yang-36-55 --- "Failed connect to www.zhihu.com:80; Operation now in progress"
2015-09-03 03:51:10 fanfanma --- "Failed connect to www.zhihu.com:80; Operation now in progress"
2015-09-03 04:01:13 ssjiang-you-33 --- "Failed connect to www.zhihu.com:80; Operation now in progress"
2015-09-03 04:02:15 yuxing-hu --- "Failed connect to www.zhihu.com:80; Operation now in progress"
2015-09-03 04:05:48 yang-dong-kun --- "Failed connect to www.zhihu.com:80; Operation now in progress"
2015-09-03 04:08:15 xiao-man-tou-21-25 --- "Failed connect to www.zhihu.com:80; Operation now in progress"
2015-09-03 04:09:40 haze-zhu-20 --- "Failed connect to www.zhihu.com:80; Operation now in progress"
2015-09-03 04:12:30 gan-sunshine --- "Failed connect to www.zhihu.com:80; Operation now in progress"
2015-09-03 04:22:14 pauline-hung --- "Failed connect to www.zhihu.com:80; Operation now in progress"
2015-09-03 04:23:18 si-jie-71 --- "Failed connect to www.zhihu.com:80; Operation now in progress"
2015-09-03 04:24:04 wang-ba-93-18 --- "Failed connect to www.zhihu.com:80; Operation now in progress"
2015-09-03 04:24:28 xi-xiao-xiao --- "Failed connect to www.zhihu.com:80; Operation now in progress"
2015-09-03 04:36:57 guo-xiao-mian-78 --- "Failed connect to www.zhihu.com:80; Operation now in progress"
2015-09-03 04:42:03 liu-tian-58-11 --- "Failed connect to www.zhihu.com:80; Operation now in progress"
2015-09-03 04:42:39 peng-chen-92-38 --- "Failed connect to www.zhihu.com:80; Operation now in progress"
2015-09-03 04:53:37 ou-yang-bai-he --- "Failed connect to www.zhihu.com:80; Operation now in progress"
2015-09-03 04:56:25 shi-yue-ri-ji --- "Failed connect to www.zhihu.com:80; Operation now in progress"
2015-09-03 05:01:18 xu-na-76 --- "Failed connect to www.zhihu.com:80; Operation now in progress"
2015-09-03 05:07:00 ran-ran-57-59 --- "Failed connect to www.zhihu.com:80; Operation now in progress"
2015-09-03 05:08:15 realin3 --- "Failed connect to www.zhihu.com:80; Operation now in progress"
2015-09-03 05:08:47 yin-zhi-han --- "Failed connect to www.zhihu.com:80; Operation now in progress"
2015-09-03 05:09:40 zhang-yu-chen-9-26 --- "Failed connect to www.zhihu.com:80; Operation now in progress"
2015-09-03 05:10:04 wu-qiong-75-79 --- "Failed connect to www.zhihu.com:80; Operation now in progress"
2015-09-03 05:10:42 li-yier-73 --- "Failed connect to www.zhihu.com:80; Operation now in progress"
2015-09-03 05:14:29 bao-bao-miao-75 --- "Failed connect to www.zhihu.com:80; Operation now in progress"
2015-09-03 05:17:47 water-68-61 --- "Failed connect to www.zhihu.com:80; Operation now in progress"
2015-09-03 05:26:26 liu-di-84-70 --- "Failed connect to www.zhihu.com:80; Operation now in progress"
2015-09-03 05:33:47 zheng-chang-huai --- "Failed connect to www.zhihu.com:80; Operation now in progress"
2015-09-03 05:34:25 mi-luo-66-55 --- "Failed connect to www.zhihu.com:80; Operation now in progress"
2015-09-03 05:35:13 vicki-liu-38 --- "Failed connect to www.zhihu.com:80; Operation now in progress"
2015-09-03 05:36:23 su-mu-zhe-49 --- "Failed connect to www.zhihu.com:80; Operation now in progress"
2015-09-03 05:40:30 wei-xiao-wei-4 --- "Failed connect to www.zhihu.com:80; Operation now in progress"
2015-09-03 05:40:45 kong-qing-tian-fang-qing --- "Failed connect to www.zhihu.com:80; Operation now in progress"
2015-09-03 05:45:01 lu-feng-72-4 --- "Failed connect to www.zhihu.com:80; Operation now in progress"
2015-09-03 05:45:16 qiu-yu-zhou-duo-duo --- "Failed connect to www.zhihu.com:80; Operation now in progress"
2015-09-03 05:50:00 ding-dang-23-29 --- "Failed connect to www.zhihu.com:80; Operation now in progress"
2015-09-03 05:50:07 zhang-zheng-11-29 --- "Failed connect to www.zhihu.com:80; Operation now in progress"
2015-09-03 05:52:02 bing-jiu-ren --- "Failed connect to www.zhihu.com:80; Operation now in progress"
2015-09-03 05:55:28 da-hei-qiang --- "Failed connect to www.zhihu.com:80; Operation now in progress"
2015-09-03 05:57:52 peng-peng-49 --- "Failed connect to www.zhihu.com:80; Operation now in progress"
2015-09-03 06:06:07 zuo-gu-33 --- "Failed connect to www.zhihu.com:80; Operation now in progress"
2015-09-03 06:13:27 zhu-hao-ran-54-8 --- "Failed connect to www.zhihu.com:80; Operation now in progress"
2015-09-03 06:16:27 chen-yang-4-90 --- "Failed connect to www.zhihu.com:80; Operation now in progress"
2015-09-03 06:16:59 liu-le-71-16 --- "Failed connect to www.zhihu.com:80; Operation now in progress"
2015-09-03 06:19:25 luo-jia-86 --- "Failed connect to www.zhihu.com:80; Operation now in progress"
2015-09-03 06:20:27 sun-chao-chao-1 --- "Failed connect to www.zhihu.com:80; Operation now in progress"
2015-09-03 06:29:33 lu-xiao-shuai-77 --- "Failed connect to www.zhihu.com:80; Operation now in progress"
2015-09-03 06:37:12 zhao-tian-que-49 --- "Failed connect to www.zhihu.com:80; Operation now in progress"
2015-09-03 06:39:46 qingyang-tan --- "Failed connect to www.zhihu.com:80; Operation now in progress"
2015-09-03 06:44:31 xie-wen-biao --- "Failed connect to www.zhihu.com:80; Operation now in progress"
2015-09-03 06:51:23 lee-an --- "Failed connect to www.zhihu.com:80; Operation now in progress"
2015-09-03 06:58:45 zhouhui26 --- "Failed connect to www.zhihu.com:80; Operation now in progress"
2015-09-03 07:01:07 zhong-can --- "Failed connect to www.zhihu.com:80; Operation now in progress"
2015-09-03 07:04:08 wu-de-xin --- "Failed connect to www.zhihu.com:80; Operation now in progress"
2015-09-03 07:04:39 averya-xiao-ya --- "Failed connect to www.zhihu.com:80; Operation now in progress"
2015-09-03 07:07:38 shou-wang-mai-tian-61 --- "Failed connect to www.zhihu.com:80; Operation now in progress"
2015-09-03 07:09:59 shui-shui-52 --- "Failed connect to www.zhihu.com:80; Operation now in progress"
2015-09-03 07:13:45 zhihu.com --- "Failed connect to www.zhihu.com:80; Operation now in progress"
2015-09-03 07:13:48 zhihu.com --- "Failed connect to www.zhihu.com:80; Operation now in progress"
2015-09-03 07:15:55 zhihu.com --- "Failed connect to www.zhihu.com:80; Operation now in progress"
2015-09-03 07:17:31 zhihu.com --- "Failed connect to www.zhihu.com:80; Operation now in progress"
2015-09-03 07:18:10 zhihu.com --- "Failed connect to www.zhihu.com:80; Operation now in progress"
2015-09-03 07:20:45 zhihu.com --- "Failed connect to www.zhihu.com:80; Operation now in progress"
2015-09-03 07:21:43 zhihu.com --- "Failed connect to www.zhihu.com:80; Operation now in progress"
2015-09-03 07:22:35 zhihu.com --- "Failed connect to www.zhihu.com:80; Operation now in progress"
2015-09-03 07:24:09 zhihu.com --- "Failed connect to www.zhihu.com:80; Operation now in progress"
2015-09-03 07:28:44 zhihu.com --- "Failed connect to www.zhihu.com:80; Operation now in progress"
2015-09-03 07:29:09 zhihu.com --- "Failed connect to www.zhihu.com:80; Operation now in progress"
2015-09-03 07:30:32 zhihu.com --- "Failed connect to www.zhihu.com:80; Operation now in progress"
2015-09-03 07:30:38 zhihu.com --- "Failed connect to www.zhihu.com:80; Operation now in progress"
2015-09-03 07:31:30 zhihu.com --- "Failed connect to www.zhihu.com:80; Operation now in progress"
2015-09-03 07:32:09 zhihu.com --- "Failed connect to www.zhihu.com:80; Operation now in progress"
2015-09-03 07:32:40 zhihu.com --- "Failed connect to www.zhihu.com:80; Operation now in progress"
2015-09-03 07:33:56 zhihu.com --- "Failed connect to www.zhihu.com:80; Operation now in progress"
2015-09-03 07:35:17 zhihu.com --- "Failed connect to www.zhihu.com:80; Operation now in progress"
2015-09-03 07:35:46 zhihu.com --- "Failed connect to www.zhihu.com:80; Operation now in progress"
2015-09-03 07:36:10 zhihu.com --- "Failed connect to www.zhihu.com:80; Operation now in progress"
2015-09-03 07:37:05 zhihu.com --- "Failed connect to www.zhihu.com:80; Operation now in progress"
2015-09-03 07:37:19 zhihu.com --- "Failed connect to www.zhihu.com:80; Operation now in progress"
2015-09-03 07:37:35 zhihu.com --- "Failed connect to www.zhihu.com:80; Operation now in progress"
2015-09-03 07:42:25 zhihu.com --- "Failed connect to www.zhihu.com:80; Operation now in progress"
2015-09-03 07:43:15 zhihu.com --- "Failed connect to www.zhihu.com:80; Operation now in progress"
2015-09-03 07:47:09 zhihu.com --- "Failed connect to www.zhihu.com:80; Operation now in progress"
2015-09-03 07:48:02 zhihu.com --- "Failed connect to www.zhihu.com:80; Operation now in progress"
2015-09-03 07:48:20 zhihu.com --- "Failed connect to www.zhihu.com:80; Operation now in progress"
2015-09-03 07:48:23 zhihu.com --- "Failed connect to www.zhihu.com:80; Operation now in progress"
2015-09-03 07:49:54 zhihu.com --- "Failed connect to www.zhihu.com:80; Operation now in progress"
2015-09-03 07:50:08 zhihu.com --- "Failed connect to www.zhihu.com:80; Operation now in progress"
2015-09-03 07:50:58 zhihu.com --- "Failed connect to www.zhihu.com:80; Operation now in progress"
2015-09-03 07:53:27 zhihu.com --- "Failed connect to www.zhihu.com:80; Operation now in progress"
2015-09-03 09:04:01 zhihu.com --- "Failed connect to www.zhihu.com:80; Operation now in progress"
2015-09-03 09:06:36 zhihu.com --- "Failed connect to www.zhihu.com:80; Operation now in progress"
2015-09-03 09:07:31 zhihu.com --- "Failed connect to www.zhihu.com:80; Operation now in progress"
2015-09-03 09:09:27 zhihu.com --- "Failed connect to www.zhihu.com:80; Operation now in progress"
2015-09-03 09:10:39 zhihu.com --- "Failed connect to www.zhihu.com:80; Operation now in progress"
2015-09-03 09:12:39 zhihu.com --- "Failed connect to www.zhihu.com:80; Operation now in progress"
2015-09-03 09:14:57 zhihu.com --- "Failed connect to www.zhihu.com:80; Operation now in progress"
