[ 2015-08-16T17:54:08+08:00 ] 203.130.43.155 /wwwroot/install.php
INFO: [ app_init ] --START--
INFO: Run Behavior\BuildLiteBehavior [ RunTime:0.000134s ]
INFO: Run Common\Behavior\InitHookBehavior [ RunTime:0.002003s ]
INFO: [ app_init ] --END-- [ RunTime:0.002759s ]
INFO: [ app_begin ] --START--
INFO: Run Behavior\ReadHtmlCacheBehavior [ RunTime:0.003927s ]
INFO: [ app_begin ] --END-- [ RunTime:0.004169s ]
INFO: [ view_parse ] --START--
INFO: [ template_filter ] --START--
INFO: Run Behavior\ContentReplaceBehavior [ RunTime:0.000178s ]
INFO: [ template_filter ] --END-- [ RunTime:0.000378s ]
NOTIC: [8] Undefined index: update /www/meiwen/html/wwwroot/Runtime/Cache/Install/c6bbce5b1f1dcf027c8ceb5cf5141b65.php 第 41 行.
INFO: Run Behavior\ParseTemplateBehavior [ RunTime:0.058334s ]
INFO: [ view_parse ] --END-- [ RunTime:0.058507s ]
INFO: [ view_filter ] --START--
INFO: Run Behavior\WriteHtmlCacheBehavior [ RunTime:0.000791s ]
INFO: [ view_filter ] --END-- [ RunTime:0.000933s ]
INFO: [ app_end ] --START--
INFO: Run Behavior\ShowPageTraceBehavior [ RunTime:0.003429s ]
INFO: [ app_end ] --END-- [ RunTime:0.003598s ]

