2015-06-19 21:03:37 Workerman[start.php] start in DEBUG mode
2015-06-19 21:04:34 Workerman[start.php] Stopping ...
2015-06-19 21:04:34 Workerman[start.php] has been stopped
2015-06-19 21:04:44 Workerman[start.php] start in DAEMON mode
2015-06-19 21:10:39 Workerman[start.php] stop 
2015-06-19 21:10:39 Workerman[start.php] is stoping ...
2015-06-19 21:10:39 Workerman[start.php] Stopping ...
2015-06-19 21:10:39 Workerman[start.php] has been stopped
2015-06-19 21:10:39 Workerman[start.php] stop success
2015-06-19 21:10:55 Workerman[start.php] start in DEBUG mode
2015-06-19 21:57:34 Workerman[start.php] Stopping ...
2015-06-19 21:57:35 Workerman[start.php] has been stopped
2015-06-24 12:48:43 Workerman[start.php] start in DAEMON mode
2015-06-24 21:35:33 Workerman[start.php] stop 
2015-06-24 21:35:33 Workerman[start.php] is stoping ...
2015-06-24 21:35:33 Workerman[start.php] Stopping ...
2015-06-24 21:35:33 Workerman[start.php] has been stopped
2015-06-24 21:35:33 Workerman[start.php] stop success
2015-06-25 07:32:40 Workerman[start.php] start in DAEMON mode
2015-06-25 08:18:54 Workerman[start.php] stop 
2015-06-25 08:18:54 Workerman[start.php] is stoping ...
2015-06-25 08:18:54 Workerman[start.php] Stopping ...
2015-06-25 08:18:54 Workerman[start.php] has been stopped
2015-06-25 08:18:54 Workerman[start.php] stop success
2015-06-26 15:48:05 Workerman[start.php] start in DEBUG mode
2015-06-26 21:53:45 Workerman[start.php] Stopping ...
2015-06-26 21:53:46 Workerman[start.php] has been stopped
2015-08-13 21:58:18 Workerman[start.php] start in DEBUG mode
2015-08-13 22:00:57 Workerman[start.php] Stopping ...
2015-08-13 22:00:57 Workerman[start.php] has been stopped
2015-08-16 22:09:38 Workerman[start.php] start in DEBUG mode
2015-08-16 22:12:58 Workerman[start.php] Stopping ...
2015-08-16 22:12:58 Workerman[start.php] has been stopped
2015-08-16 22:13:01 Workerman[start.php] start in DEBUG mode
2015-08-16 22:16:58 Workerman[start.php] Stopping ...
2015-08-16 22:16:58 Workerman[start.php] has been stopped
2015-08-16 22:17:00 Workerman[start.php] start in DEBUG mode
2015-08-16 22:18:16 Workerman[start.php] Stopping ...
2015-08-16 22:18:16 Workerman[start.php] has been stopped
2015-08-16 22:18:19 Workerman[start.php] start in DEBUG mode
2015-08-16 22:19:42 Workerman[start.php] Stopping ...
2015-08-16 22:19:42 Workerman[start.php] has been stopped
2015-08-16 22:19:45 Workerman[start.php] start in DEBUG mode
2015-08-16 22:23:45 Workerman[start.php] Stopping ...
2015-08-16 22:23:45 Workerman[start.php] has been stopped
2015-08-16 22:23:49 Workerman[start.php] start in DEBUG mode
2015-08-16 22:23:52 WORKER EXIT UNEXPECTED E_PARSE syntax error, unexpected '；' (T_STRING) in /www/workerman/html/chat/Applications/Chat/Event.php on line 47
2015-08-16 22:23:52 worker[ChatGateway:23997] exit with status 65280
2015-08-16 22:23:52 WORKER EXIT UNEXPECTED E_PARSE syntax error, unexpected '；' (T_STRING) in /www/workerman/html/chat/Applications/Chat/Event.php on line 47
2015-08-16 22:23:52 worker[ChatGateway:23998] exit with status 65280
2015-08-16 22:23:55 WORKER EXIT UNEXPECTED E_PARSE syntax error, unexpected '；' (T_STRING) in /www/workerman/html/chat/Applications/Chat/Event.php on line 47
2015-08-16 22:23:55 worker[ChatGateway:24001] exit with status 65280
2015-08-16 22:23:59 WORKER EXIT UNEXPECTED E_PARSE syntax error, unexpected '；' (T_STRING) in /www/workerman/html/chat/Applications/Chat/Event.php on line 47
2015-08-16 22:23:59 worker[ChatGateway:24002] exit with status 65280
2015-08-16 22:24:04 WORKER EXIT UNEXPECTED E_PARSE syntax error, unexpected '；' (T_STRING) in /www/workerman/html/chat/Applications/Chat/Event.php on line 47
2015-08-16 22:24:04 worker[ChatGateway:24004] exit with status 65280
2015-08-16 22:24:14 WORKER EXIT UNEXPECTED E_PARSE syntax error, unexpected '；' (T_STRING) in /www/workerman/html/chat/Applications/Chat/Event.php on line 47
2015-08-16 22:24:14 worker[ChatGateway:23995] exit with status 65280
2015-08-16 22:24:20 WORKER EXIT UNEXPECTED E_PARSE syntax error, unexpected '；' (T_STRING) in /www/workerman/html/chat/Applications/Chat/Event.php on line 47
2015-08-16 22:24:20 worker[ChatGateway:23996] exit with status 65280
2015-08-16 22:25:06 WORKER EXIT UNEXPECTED E_PARSE syntax error, unexpected '；' (T_STRING) in /www/workerman/html/chat/Applications/Chat/Event.php on line 47
2015-08-16 22:25:06 worker[ChatGateway:24005] exit with status 65280
2015-08-16 22:25:06 WORKER EXIT UNEXPECTED E_PARSE syntax error, unexpected '；' (T_STRING) in /www/workerman/html/chat/Applications/Chat/Event.php on line 47
2015-08-16 22:25:06 worker[ChatGateway:24003] exit with status 65280
2015-08-16 22:25:06 WORKER EXIT UNEXPECTED E_PARSE syntax error, unexpected '；' (T_STRING) in /www/workerman/html/chat/Applications/Chat/Event.php on line 47
2015-08-16 22:25:06 worker[ChatGateway:24010] exit with status 65280
2015-08-16 22:25:10 WORKER EXIT UNEXPECTED E_PARSE syntax error, unexpected '；' (T_STRING) in /www/workerman/html/chat/Applications/Chat/Event.php on line 47
2015-08-16 22:25:10 worker[ChatGateway:24012] exit with status 65280
2015-08-16 22:25:11 WORKER EXIT UNEXPECTED E_PARSE syntax error, unexpected '；' (T_STRING) in /www/workerman/html/chat/Applications/Chat/Event.php on line 47
2015-08-16 22:25:11 worker[ChatGateway:24011] exit with status 65280
2015-08-16 22:25:11 WORKER EXIT UNEXPECTED E_PARSE syntax error, unexpected '；' (T_STRING) in /www/workerman/html/chat/Applications/Chat/Event.php on line 47
2015-08-16 22:25:11 worker[ChatGateway:24007] exit with status 65280
2015-08-16 22:25:12 WORKER EXIT UNEXPECTED E_PARSE syntax error, unexpected '；' (T_STRING) in /www/workerman/html/chat/Applications/Chat/Event.php on line 47
2015-08-16 22:25:12 worker[ChatGateway:24014] exit with status 65280
2015-08-16 22:25:12 WORKER EXIT UNEXPECTED E_PARSE syntax error, unexpected '；' (T_STRING) in /www/workerman/html/chat/Applications/Chat/Event.php on line 47
2015-08-16 22:25:12 worker[ChatGateway:24015] exit with status 65280
2015-08-16 22:25:12 WORKER EXIT UNEXPECTED E_PARSE syntax error, unexpected '；' (T_STRING) in /www/workerman/html/chat/Applications/Chat/Event.php on line 47
2015-08-16 22:25:12 worker[ChatGateway:24013] exit with status 65280
2015-08-16 22:26:03 Workerman[start.php] Stopping ...
2015-08-16 22:26:04 Workerman[start.php] has been stopped
2015-08-16 22:26:09 Workerman[start.php] start in DEBUG mode
2015-08-16 22:27:54 Workerman[start.php] Stopping ...
2015-08-16 22:27:54 Workerman[start.php] has been stopped
2015-08-17 07:57:49 Workerman[start.php] start in DEBUG mode
2015-08-17 08:06:43 Workerman[start.php] start in DEBUG mode
2015-08-17 08:06:43 Workerman[start.php] is running
2015-08-17 08:08:05 Workerman[start.php] stop 
2015-08-17 08:08:05 Workerman[start.php] is stoping ...
2015-08-17 08:08:05 Workerman[start.php] Stopping ...
2015-08-17 08:08:06 Workerman[start.php] has been stopped
2015-08-17 08:08:06 Workerman[start.php] stop success
2015-08-17 08:08:11 Workerman[start.php] start in DEBUG mode
2015-08-17 08:11:50 Workerman[start.php] Stopping ...
2015-08-17 08:11:50 Workerman[start.php] has been stopped
2015-08-17 08:11:53 Workerman[start.php] start in DEBUG mode
2015-08-17 08:19:00 Workerman[start.php] Stopping ...
2015-08-17 08:19:00 Workerman[start.php] has been stopped
2015-08-17 08:19:02 Workerman[start.php] start in DEBUG mode
2015-08-17 08:21:10 Workerman[start.php] Stopping ...
2015-08-17 08:21:11 Workerman[start.php] has been stopped
2015-08-17 08:21:12 Workerman[start.php] start in DEBUG mode
2015-08-17 08:24:10 Workerman[start.php] Stopping ...
2015-08-17 08:24:10 Workerman[start.php] has been stopped
2015-08-17 08:24:12 Workerman[start.php] start in DEBUG mode
2015-08-17 08:26:31 Workerman[start.php] Stopping ...
2015-08-17 08:26:31 Workerman[start.php] has been stopped
2015-08-17 08:26:33 Workerman[start.php] start in DEBUG mode
2015-08-17 08:32:40 Workerman[start.php] Stopping ...
2015-08-17 08:32:41 Workerman[start.php] has been stopped
2015-08-17 08:32:45 Workerman[start.php] stop 
2015-08-17 08:32:45 Workerman[start.php] not run
2015-08-17 08:32:45 Workerman[start.php] is stoping ...
2015-08-17 08:32:45 Workerman[start.php] stop success
2015-08-17 08:32:56 Workerman[start.php] start in DEBUG mode
2015-08-17 08:39:25 Workerman[start.php] Stopping ...
2015-08-17 08:39:25 Workerman[start.php] has been stopped
2015-08-17 08:39:27 Workerman[start.php] start in DEBUG mode
2015-08-17 08:56:37 Workerman[start.php] Stopping ...
2015-08-17 08:56:37 Workerman[start.php] has been stopped
2015-08-17 08:57:17 Workerman[start.php] start in DEBUG mode
2015-08-17 10:39:15 Workerman[start.php] stop 
2015-08-17 10:39:15 Workerman[start.php] is stoping ...
2015-08-17 10:39:15 Workerman[start.php] Stopping ...
2015-08-17 10:39:15 Workerman[start.php] has been stopped
2015-08-17 10:39:16 Workerman[start.php] stop success
2015-08-17 10:39:20 Workerman[start.php] start in DEBUG mode
2015-08-17 10:40:51 Workerman[start.php] Stopping ...
2015-08-17 10:40:51 Workerman[start.php] has been stopped
2015-09-30 16:56:43 Workerman[start.php] start in DEBUG mode
2015-09-30 17:00:06 Workerman[start.php] Stopping ...
2015-09-30 17:00:06 Workerman[start.php] has been stopped
